<?xml version="1.0" encoding="UTF-8"?>
<testng-results total="1" passed="1" failed="0" skipped="0">
  <reporter-output>
  </reporter-output>
  <suite started-at="2021-10-24T04:49:56Z" name="Suite" finished-at="2021-10-24T04:49:56Z" duration-ms="18">
    <groups>
    </groups>
    <test started-at="2021-10-24T04:49:56Z" name="Test" finished-at="2021-10-24T04:49:56Z" duration-ms="18">
      <class name="com.test.sample.DemoOne">
        <test-method signature="demo()[pri:0, instance:com.test.sample.DemoOne@732d0d24]" started-at="2021-10-24T10:19:56Z" name="demo" finished-at="2021-10-24T10:19:56Z" duration-ms="8" status="PASS">
          <reporter-output>
          </reporter-output>
        </test-method> <!-- demo -->
      </class> <!-- com.test.sample.DemoOne -->
    </test> <!-- Test -->
  </suite> <!-- Suite -->
</testng-results>
